<?xml version="1.0" encoding="UTF-8"?>
<!-- Generated by org.testng.reporters.JUnitReportReporter -->
<testsuite hostname="localhost" name="com.Run_CustomParam.Run_CustomParam" tests="1" failures="0" timestamp="5 Jan 2016 14:25:56 GMT" time="221.045" errors="0">
  <testcase name="Run_CustomParam" time="221.045" classname="com.Run_CustomParam.Run_CustomParam"/>
</testsuite> <!-- com.Run_CustomParam.Run_CustomParam -->
